TN:
SF:src/modules/post/services/CreateBannerService.ts
FN:17,(anonymous_18)
FN:18,CreateBannerService
FN:26,(anonymous_20)
FNF:3
FNH:3
FNDA:1,(anonymous_18)
FNDA:3,CreateBannerService
FNDA:3,(anonymous_20)
DA:1,1
DA:2,1
DA:7,1
DA:17,1
DA:20,3
DA:23,3
DA:26,3
DA:27,3
DA:29,3
DA:31,2
DA:33,1
DA:35,1
DA:37,1
DA:39,1
DA:41,1
LF:15
LH:15
BRDA:27,0,0,3
BRDA:29,1,0,1
BRDA:29,1,1,2
BRDA:31,2,0,1
BRDA:31,2,1,1
BRF:5
BRH:5
end_of_record
TN:
SF:src/modules/post/services/CreatePostService.ts
FN:11,(anonymous_17)
FN:12,CreatePostService
FN:20,(anonymous_19)
FNF:3
FNH:3
FNDA:3,(anonymous_17)
FNDA:7,CreatePostService
FNDA:4,(anonymous_19)
DA:1,3
DA:2,3
DA:11,3
DA:14,7
DA:17,7
DA:20,3
DA:21,8
DA:23,3
DA:26,3
DA:28,3
DA:30,3
DA:32,3
LF:12
LH:12
BRDA:21,0,0,4
BRF:1
BRH:1
end_of_record
TN:
SF:src/modules/post/services/ListPostsService.ts
FN:8,(anonymous_17)
FN:9,ListPostsService
FN:14,(anonymous_19)
FNF:3
FNH:3
FNDA:1,(anonymous_17)
FNDA:1,ListPostsService
FNDA:1,(anonymous_19)
DA:1,1
DA:8,1
DA:11,1
DA:14,1
DA:15,1
DA:17,1
DA:19,1
LF:7
LH:7
BRDA:15,0,0,1
BRF:1
BRH:1
end_of_record
TN:
SF:src/modules/post/services/ShowPostService.ts
FN:14,(anonymous_18)
FN:15,ShowPostService
FN:20,(anonymous_20)
FNF:3
FNH:3
FNDA:1,(anonymous_18)
FNDA:2,ShowPostService
FNDA:2,(anonymous_20)
DA:1,1
DA:3,1
DA:14,1
DA:17,2
DA:20,2
DA:21,2
DA:23,2
DA:25,1
DA:27,1
LF:9
LH:9
BRDA:21,0,0,2
BRDA:23,1,0,1
BRDA:23,1,1,1
BRF:3
BRH:3
end_of_record
TN:
SF:src/modules/post/services/UpdatePostBannerService.ts
FN:15,(anonymous_18)
FN:16,UpdatePostBannerService
FN:24,(anonymous_20)
FNF:3
FNH:3
FNDA:2,(anonymous_18)
FNDA:5,UpdatePostBannerService
FNDA:4,(anonymous_20)
DA:1,2
DA:3,2
DA:15,2
DA:18,5
DA:21,5
DA:24,4
DA:25,4
DA:27,4
DA:28,1
DA:34,5
DA:35,2
DA:38,3
DA:40,3
DA:42,6
DA:44,3
DA:46,2
DA:48,2
LF:17
LH:17
BRDA:25,0,0,4
BRDA:25,0,1,3
BRDA:27,1,0,1
BRDA:27,1,1,3
BRDA:34,2,0,2
BRDA:34,2,1,1
BRF:6
BRH:6
end_of_record
TN:
SF:src/modules/users/services/AuthenticateUserService.ts
FN:21,(anonymous_18)
FN:22,AuthenticateUserService
FN:27,(anonymous_20)
FNF:3
FNH:3
FNDA:1,(anonymous_18)
FNDA:3,AuthenticateUserService
FNDA:3,(anonymous_20)
DA:1,1
DA:2,1
DA:4,1
DA:6,1
DA:21,1
DA:24,3
DA:27,3
DA:28,3
DA:30,2
DA:32,2
DA:33,1
DA:36,1
DA:38,1
DA:43,1
DA:48,1
DA:50,1
LF:16
LH:16
BRDA:28,0,0,1
BRDA:28,0,1,2
BRDA:32,1,0,1
BRDA:32,1,1,1
BRF:4
BRH:4
end_of_record
TN:
SF:src/modules/users/services/CreateUserService.ts
FN:13,(anonymous_18)
FN:14,CreateUserService
FN:22,(anonymous_20)
FNF:3
FNH:3
FNDA:1,(anonymous_18)
FNDA:3,CreateUserService
FNDA:4,(anonymous_20)
DA:1,1
DA:2,1
DA:4,1
DA:13,1
DA:16,3
DA:19,3
DA:22,1
DA:23,8
DA:25,4
DA:27,4
DA:29,4
DA:31,3
DA:32,1
DA:34,2
DA:36,2
DA:38,1
DA:40,1
LF:17
LH:17
BRDA:23,0,0,4
BRDA:25,1,0,3
BRDA:25,1,1,1
BRDA:29,2,0,1
BRDA:29,2,1,3
BRDA:31,3,0,1
BRDA:31,3,1,2
BRDA:31,4,0,3
BRDA:31,4,1,1
BRF:9
BRH:9
end_of_record
